$ vagrant up
Bringing machine 'server1.netology' up with 'virtualbox' provider...
==> server1.netology: Box 'bento/ubuntu-20.04' could not be found. Attempting to find and install...
    server1.netology: Box Provider: virtualbox
    server1.netology: Box Version: >= 0
==> server1.netology: Loading metadata for box 'bento/ubuntu-20.04'
    server1.netology: URL: https://vagrantcloud.com/bento/ubuntu-20.04
==> server1.netology: Adding box 'bento/ubuntu-20.04' (v202112.19.0) for provider: virtualbox
    server1.netology: Downloading: https://vagrantcloud.com/bento/boxes/ubuntu-20.04/versions/202112.19.0/providers/virtualbox.box
==> server1.netology: Successfully added box 'bento/ubuntu-20.04' (v202112.19.0) for 'virtualbox'!
==> server1.netology: Importing base box 'bento/ubuntu-20.04'...
==> server1.netology: Matching MAC address for NAT networking...
==> server1.netology: Checking if box 'bento/ubuntu-20.04' version '202112.19.0' is up to date...
==> server1.netology: Setting the name of the VM: server1.netology
Vagrant is currently configured to create VirtualBox synced folders with
the `SharedFoldersEnableSymlinksCreate` option enabled. If the Vagrant
guest is not trusted, you may want to disable this option. For more
information on this option, please refer to the VirtualBox manual:

  https://www.virtualbox.org/manual/ch04.html#sharedfolders

This option can be disabled globally with an environment variable:

  VAGRANT_DISABLE_VBOXSYMLINKCREATE=1

or on a per folder basis within the Vagrantfile:

  config.vm.synced_folder '/host/path', '/guest/path', SharedFoldersEnableSymlinksCreate: false
==> server1.netology: Clearing any previously set network interfaces...
==> server1.netology: Preparing network interfaces based on configuration...
    server1.netology: Adapter 1: nat
    server1.netology: Adapter 2: hostonly
==> server1.netology: Forwarding ports...
    server1.netology: 22 (guest) => 20011 (host) (adapter 1)
    server1.netology: 22 (guest) => 2222 (host) (adapter 1)
==> server1.netology: Running 'pre-boot' VM customizations...
==> server1.netology: Booting VM...
==> server1.netology: Waiting for machine to boot. This may take a few minutes...
    server1.netology: SSH address: 127.0.0.1:2222
    server1.netology: SSH username: vagrant
    server1.netology: SSH auth method: private key
    server1.netology: Warning: Connection reset. Retrying...
    server1.netology: Warning: Remote connection disconnect. Retrying...
    server1.netology:
    server1.netology: Vagrant insecure key detected. Vagrant will automatically replace
    server1.netology: this with a newly generated keypair for better security.
    server1.netology:
    server1.netology: Inserting generated public key within guest...
    server1.netology: Removing insecure key from the guest if it's present...
    server1.netology: Key inserted! Disconnecting and reconnecting using new SSH key...
==> server1.netology: Machine booted and ready!
==> server1.netology: Checking for guest additions in VM...
==> server1.netology: Setting hostname...
==> server1.netology: Configuring and enabling network interfaces...
==> server1.netology: Mounting shared folders...
    server1.netology: /vagrant => /home/sonic/virt-homeworks/05-virt-02-iaac/src/vagrant
==> server1.netology: Running provisioner: ansible...
    server1.netology: Running ansible-playbook...

PLAY [nodes] *******************************************************************

TASK [Gathering Facts] *********************************************************
ok: [server1.netology]

TASK [Create directory for ssh-keys] *******************************************
ok: [server1.netology]

TASK [Adding rsa-key in /root/.ssh/authorized_keys] ****************************
changed: [server1.netology]

TASK [Checking DNS] ************************************************************
changed: [server1.netology]

TASK [Installing tools] ********************************************************
ok: [server1.netology] => (item=['git', 'curl'])

TASK [Installing docker] *******************************************************
changed: [server1.netology]

TASK [Add the current user to docker group] ************************************
changed: [server1.netology]

PLAY RECAP *********************************************************************
server1.netology           : ok=7    changed=4    unreachable=0    failed=0    skipped=0    rescued=0    ignored=0
