SET
SET
SET
psql:/var/lib/postgresql/backup/dumpall_test_db.sql:14: ERROR:  role "postgres" already exists
ALTER ROLE
CREATE ROLE
ALTER ROLE
CREATE ROLE
ALTER ROLE
You are now connected to database "template1" as user "postgres".
SET
SET
SET
SET
SET
 set_config 
------------
 
(1 row)

SET
SET
SET
SET
You are now connected to database "postgres" as user "postgres".
SET
SET
SET
SET
SET
 set_config 
------------
 
(1 row)

SET
SET
SET
SET
SET
SET
SET
SET
SET
 set_config 
------------
 
(1 row)

SET
SET
SET
SET
CREATE DATABASE
ALTER DATABASE
You are now connected to database "test_db" as user "postgres".
SET
SET
SET
SET
SET
 set_config 
------------
 
(1 row)

SET
SET
SET
SET
SET
SET
CREATE TABLE
ALTER TABLE
CREATE TABLE
ALTER TABLE
COPY 5
COPY 5
ALTER TABLE
ALTER TABLE
ALTER TABLE
GRANT
GRANT
GRANT
GRANT

