PS E:\vagrant_devops> vagrant init
A `Vagrantfile` has been placed in this directory. You are now
ready to `vagrant up` your first virtual environment! Please read
the comments in the Vagrantfile as well as documentation on
`vagrantup.com` for more information on using Vagrant.
PS E:\vagrant_devops> vagrant up
Bringing machine 'default' up with 'virtualbox' provider...
==> default: Box 'bento/ubuntu-20.04' could not be found. Attempting to find and install...
    default: Box Provider: virtualbox
    default: Box Version: >= 0
==> default: Loading metadata for box 'bento/ubuntu-20.04'
    default: URL: https://vagrantcloud.com/bento/ubuntu-20.04
==> default: Adding box 'bento/ubuntu-20.04' (v202107.28.0) for provider: virtualbox
    default: Downloading: https://vagrantcloud.com/bento/boxes/ubuntu-20.04/versions/202107.28.0/providers/virtualbox.box
    default:
==> default: Successfully added box 'bento/ubuntu-20.04' (v202107.28.0) for 'virtualbox'!
==> default: Importing base box 'bento/ubuntu-20.04'...
==> default: Matching MAC address for NAT networking...
==> default: Checking if box 'bento/ubuntu-20.04' version '202107.28.0' is up to date...
==> default: Setting the name of the VM: vagrant_devops_default_1636368740375_61560
Vagrant is currently configured to create VirtualBox synced folders with
the `SharedFoldersEnableSymlinksCreate` option enabled. If the Vagrant
guest is not trusted, you may want to disable this option. For more
information on this option, please refer to the VirtualBox manual:

  https://www.virtualbox.org/manual/ch04.html#sharedfolders

This option can be disabled globally with an environment variable:

  VAGRANT_DISABLE_VBOXSYMLINKCREATE=1

or on a per folder basis within the Vagrantfile:

  config.vm.synced_folder '/host/path', '/guest/path', SharedFoldersEnableSymlinksCreate: false
==> default: Clearing any previously set network interfaces...
==> default: Preparing network interfaces based on configuration...
    default: Adapter 1: nat
==> default: Forwarding ports...
    default: 22 (guest) => 2222 (host) (adapter 1)
==> default: Booting VM...
==> default: Waiting for machine to boot. This may take a few minutes...
    default: SSH address: 127.0.0.1:2222
    default: SSH username: vagrant
    default: SSH auth method: private key
    default:
    default: Vagrant insecure key detected. Vagrant will automatically replace
    default: this with a newly generated keypair for better security.
    default:
    default: Inserting generated public key within guest...
    default: Removing insecure key from the guest if it's present...
    default: Key inserted! Disconnecting and reconnecting using new SSH key...
==> default: Machine booted and ready!
==> default: Checking for guest additions in VM...
==> default: Mounting shared folders...
    default: /vagrant => E:/vagrant_devops
PS E:\vagrant_devops>